INFO    2016-12-16 10:54:53,201 [main] com.search.ipsearch.app.result.PhoneticSearchResultsPersistenceUtility  - Initializing Utility...........................................!!!!!
DEBUG   2016-12-16 10:54:53,202 [main] com.search.ipsearch.app.result.PhoneticSearchResultsPersistenceUtility  - ################################################
DEBUG   2016-12-16 10:54:53,202 [main] com.search.ipsearch.app.result.PhoneticSearchResultsPersistenceUtility  - =================================================
DEBUG   2016-12-16 10:54:53,202 [main] com.search.ipsearch.app.result.PhoneticSearchResultsPersistenceUtility  - LOG4JCONFIGFILE:::log4j.properties
DEBUG   2016-12-16 10:54:53,211 [main] com.search.ipsearch.app.result.PropertyReaderConfiguration  - Loading configuration file.....
DEBUG   2016-12-16 10:54:53,225 [main] com.search.ipsearch.app.result.PhoneticSearchResultsPersistenceUtility  - Obtaining Database Connection....
INFO    2016-12-16 10:54:53,233 [main] com.search.ipsearch.app.result.DBDataProcessor  - Database Type is Oracle....
INFO    2016-12-16 10:54:53,597 [main] com.search.ipsearch.app.result.PhoneticSearchResultsPersistenceUtility  - Initializing Completed...............................................!!!!!!
DEBUG   2016-12-16 10:54:53,597 [main] com.search.ipsearch.app.result.PhoneticSearchResultsPersistenceUtility  - =================================================
DEBUG   2016-12-16 10:54:53,597 [main] com.search.ipsearch.app.result.PhoneticSearchResultsPersistenceUtility  - ################################################
DEBUG   2016-12-16 10:54:53,688 [main] com.search.ipsearch.app.result.DBDataProcessor  - IP_FILE List (By Filing Date) size : 2
DEBUG   2016-12-16 10:54:53,689 [main] com.search.ipsearch.app.result.PhoneticSearchResultsPersistenceUtility  - Number of Files found for the search creteria in the properties file   :: 2
DEBUG   2016-12-16 10:58:49,804 [main] com.search.ipsearch.app.result.DBDataProcessor  - IP_FILE List (By Filing Date) size : 2
DEBUG   2016-12-16 10:58:49,867 [main] com.search.ipsearch.app.result.PhoneticSearchResultsPersistenceUtility  - Number of Files found for the search creteria in the properties file   :: 2
INFO    2016-12-16 10:59:41,599 [main] com.search.ipsearch.app.result.Test  - ------- Inserting Note Action generating Office Doc for Mark : DZ/T/2016/2 ----------------
INFO    2016-12-16 11:00:00,986 [main] com.search.ipsearch.app.result.DBDataProcessor  - -----Successfully deleted  IP_SEARCH_APPL_RESULT record  for file number--------- DZ/T/2016/2
INFO    2016-12-16 11:00:04,329 [main] com.search.ipsearch.app.result.PhoneticSearchResultsPersistenceUtility  - --------------Total number of files in IP_FILE for which records in IP_SEARCH_APPL_RESULT table have been deleted -----------1
DEBUG   2016-12-16 11:00:10,760 [main] com.search.ipsearch.app.result.PhoneticSearchResultsPersistenceUtility  - Closing database connection..........!!
DEBUG   2016-12-16 11:00:10,762 [main] com.search.ipsearch.app.result.PhoneticSearchResultsPersistenceUtility  - Database connection closed..........!!
INFO    2016-12-16 11:00:10,762 [main] com.search.ipsearch.app.result.PhoneticSearchResultsPersistenceUtility  - Processing Completed.......................!!!
INFO    2016-12-16 11:00:10,762 [main] com.search.ipsearch.app.result.PhoneticSearchResultsPersistenceUtility  - =================================================
INFO    2016-12-16 11:00:10,762 [main] com.search.ipsearch.app.result.PhoneticSearchResultsPersistenceUtility  - Please check processed details in log file generated in log folder
INFO    2016-12-16 11:00:10,762 [main] com.search.ipsearch.app.result.PhoneticSearchResultsPersistenceUtility  - ********************************************************
