INFO    2016-12-16 12:42:59,413 [main] com.search.ipsearch.app.result.PhoneticSearchResultsPersistenceUtility  - Initializing Utility...........................................!!!!!
DEBUG   2016-12-16 12:42:59,414 [main] com.search.ipsearch.app.result.PhoneticSearchResultsPersistenceUtility  - ################################################
DEBUG   2016-12-16 12:42:59,414 [main] com.search.ipsearch.app.result.PhoneticSearchResultsPersistenceUtility  - =================================================
DEBUG   2016-12-16 12:42:59,414 [main] com.search.ipsearch.app.result.PhoneticSearchResultsPersistenceUtility  - LOG4JCONFIGFILE:::log4j.properties
DEBUG   2016-12-16 12:42:59,417 [main] com.search.ipsearch.app.result.PropertyReaderConfiguration  - Loading configuration file.....
DEBUG   2016-12-16 12:42:59,426 [main] com.search.ipsearch.app.result.PhoneticSearchResultsPersistenceUtility  - Obtaining Database Connection....
INFO    2016-12-16 12:42:59,427 [main] com.search.ipsearch.app.result.DBDataProcessor  - Database Type is Oracle....
INFO    2016-12-16 12:43:05,791 [main] com.search.ipsearch.app.result.PhoneticSearchResultsPersistenceUtility  - Initializing Completed...............................................!!!!!!
DEBUG   2016-12-16 12:43:05,791 [main] com.search.ipsearch.app.result.PhoneticSearchResultsPersistenceUtility  - =================================================
DEBUG   2016-12-16 12:43:05,791 [main] com.search.ipsearch.app.result.PhoneticSearchResultsPersistenceUtility  - ################################################
DEBUG   2016-12-16 12:43:06,557 [main] com.search.ipsearch.app.result.DBDataProcessor  - IP_FILE List (By Filing Date) size : 3
DEBUG   2016-12-16 12:43:06,558 [main] com.search.ipsearch.app.result.PhoneticSearchResultsPersistenceUtility  - Number of Files found for the search creteria in the properties file   :: 3
INFO    2016-12-16 12:43:44,425 [main] com.search.ipsearch.app.result.Test  - ------- Inserting Note Action generating Office Doc for Mark : DZ/T/2016/1 ----------------
INFO    2016-12-16 12:43:45,878 [main] com.search.ipsearch.app.result.DBDataProcessor  - -----Successfully deleted  IP_SEARCH_APPL_RESULT record  for file number--------- DZ/T/2016/1
INFO    2016-12-16 12:43:45,960 [main] com.search.ipsearch.app.result.Test  - ------- Inserting Note Action generating Office Doc for Mark : DZ/T/2016/2 ----------------
INFO    2016-12-16 12:43:46,045 [main] com.search.ipsearch.app.result.DBDataProcessor  - -----Successfully deleted  IP_SEARCH_APPL_RESULT record  for file number--------- DZ/T/2016/2
INFO    2016-12-16 12:43:46,138 [main] com.search.ipsearch.app.result.Test  - ------- Inserting Note Action generating Office Doc for Mark : DZ/T/2016/3 ----------------
INFO    2016-12-16 12:43:46,247 [main] com.search.ipsearch.app.result.DBDataProcessor  - -----Successfully deleted  IP_SEARCH_APPL_RESULT record  for file number--------- DZ/T/2016/3
INFO    2016-12-16 12:43:46,247 [main] com.search.ipsearch.app.result.PhoneticSearchResultsPersistenceUtility  - --------------Total number of files in IP_FILE for which records in IP_SEARCH_APPL_RESULT table have been deleted -----------3
DEBUG   2016-12-16 12:43:46,247 [main] com.search.ipsearch.app.result.PhoneticSearchResultsPersistenceUtility  - Closing database connection..........!!
DEBUG   2016-12-16 12:43:46,248 [main] com.search.ipsearch.app.result.PhoneticSearchResultsPersistenceUtility  - Database connection closed..........!!
INFO    2016-12-16 12:43:46,248 [main] com.search.ipsearch.app.result.PhoneticSearchResultsPersistenceUtility  - Processing Completed.......................!!!
INFO    2016-12-16 12:43:46,248 [main] com.search.ipsearch.app.result.PhoneticSearchResultsPersistenceUtility  - =================================================
INFO    2016-12-16 12:43:46,248 [main] com.search.ipsearch.app.result.PhoneticSearchResultsPersistenceUtility  - Please check processed details in log file generated in log folder
INFO    2016-12-16 12:43:46,249 [main] com.search.ipsearch.app.result.PhoneticSearchResultsPersistenceUtility  - ********************************************************
